Performing C SOURCE FILE Test CMAKE_HAVE_LIBC_PTHREAD failed with the following output:
Change Dir: /mnt/planB/planning_explore/build/catkin_tools_prebuild/CMakeFiles/CMakeScratch/TryCompile-hDdqCq

Run Build Command(s):/usr/bin/make -f Makefile cmTC_cc0ee/fast && /usr/bin/make  -f CMakeFiles/cmTC_cc0ee.dir/build.make CMakeFiles/cmTC_cc0ee.dir/build
make[1]: Entering directory '/mnt/planB/planning_explore/build/catkin_tools_prebuild/CMakeFiles/CMakeScratch/TryCompile-hDdqCq'
Building C object CMakeFiles/cmTC_cc0ee.dir/src.c.o
/usr/bin/cc -DCMAKE_HAVE_LIBC_PTHREAD   -o CMakeFiles/cmTC_cc0ee.dir/src.c.o -c /mnt/planB/planning_explore/build/catkin_tools_prebuild/CMakeFiles/CMakeScratch/TryCompile-hDdqCq/src.c
Linking C executable cmTC_cc0ee
/home/zqh/.local/lib/python3.8/site-packages/cmake/data/bin/cmake -E cmake_link_script CMakeFiles/cmTC_cc0ee.dir/link.txt --verbose=1
/usr/bin/cc CMakeFiles/cmTC_cc0ee.dir/src.c.o -o cmTC_cc0ee 
/usr/bin/ld: CMakeFiles/cmTC_cc0ee.dir/src.c.o: in function `main':
src.c:(.text+0x46): undefined reference to `pthread_create'
/usr/bin/ld: src.c:(.text+0x52): undefined reference to `pthread_detach'
/usr/bin/ld: src.c:(.text+0x5e): undefined reference to `pthread_cancel'
/usr/bin/ld: src.c:(.text+0x6f): undefined reference to `pthread_join'
collect2: error: ld returned 1 exit status
make[1]: *** [CMakeFiles/cmTC_cc0ee.dir/build.make:99: cmTC_cc0ee] Error 1
make[1]: Leaving directory '/mnt/planB/planning_explore/build/catkin_tools_prebuild/CMakeFiles/CMakeScratch/TryCompile-hDdqCq'
make: *** [Makefile:127: cmTC_cc0ee/fast] Error 2


Source file was:
#include <pthread.h>

static void* test_func(void* data)
{
  return data;
}

int main(void)
{
  pthread_t thread;
  pthread_create(&thread, NULL, test_func, NULL);
  pthread_detach(thread);
  pthread_cancel(thread);
  pthread_join(thread, NULL);
  pthread_atfork(NULL, NULL, NULL);
  pthread_exit(NULL);

  return 0;
}


Determining if the function pthread_create exists in the pthreads failed with the following output:
Change Dir: /mnt/planB/planning_explore/build/catkin_tools_prebuild/CMakeFiles/CMakeScratch/TryCompile-DBKhAr

Run Build Command(s):/usr/bin/make -f Makefile cmTC_404e7/fast && /usr/bin/make  -f CMakeFiles/cmTC_404e7.dir/build.make CMakeFiles/cmTC_404e7.dir/build
make[1]: Entering directory '/mnt/planB/planning_explore/build/catkin_tools_prebuild/CMakeFiles/CMakeScratch/TryCompile-DBKhAr'
Building C object CMakeFiles/cmTC_404e7.dir/CheckFunctionExists.c.o
/usr/bin/cc   -DCHECK_FUNCTION_EXISTS=pthread_create -o CMakeFiles/cmTC_404e7.dir/CheckFunctionExists.c.o -c /mnt/planB/planning_explore/build/catkin_tools_prebuild/CMakeFiles/CMakeScratch/TryCompile-DBKhAr/CheckFunctionExists.c
Linking C executable cmTC_404e7
/home/zqh/.local/lib/python3.8/site-packages/cmake/data/bin/cmake -E cmake_link_script CMakeFiles/cmTC_404e7.dir/link.txt --verbose=1
/usr/bin/cc  -DCHECK_FUNCTION_EXISTS=pthread_create CMakeFiles/cmTC_404e7.dir/CheckFunctionExists.c.o -o cmTC_404e7  -lpthreads 
/usr/bin/ld: cannot find -lpthreads
collect2: error: ld returned 1 exit status
make[1]: *** [CMakeFiles/cmTC_404e7.dir/build.make:99: cmTC_404e7] Error 1
make[1]: Leaving directory '/mnt/planB/planning_explore/build/catkin_tools_prebuild/CMakeFiles/CMakeScratch/TryCompile-DBKhAr'
make: *** [Makefile:127: cmTC_404e7/fast] Error 2



