[01m[K/mnt/planB/planning_explore/src/kalman/src/test.cpp:[m[K In function â€˜[01m[Kvoid quaternionToEuler(double, double, double, double, double&, double&, double&)[m[Kâ€™:
[01m[K/mnt/planB/planning_explore/src/kalman/src/test.cpp:13:5:[m[K [01;31m[Kerror: [m[Kâ€˜[01m[Ktf[m[Kâ€™ has not been declared
   13 |     [01;31m[Ktf[m[K::Quaternion q_cur(q_x, q_y, q_z, q_w);
      |     [01;31m[K^~[m[K
[01m[K/mnt/planB/planning_explore/src/kalman/src/test.cpp:14:5:[m[K [01;31m[Kerror: [m[Kâ€˜[01m[Ktf[m[Kâ€™ has not been declared
   14 |     [01;31m[Ktf[m[K::Matrix3x3(q_cur).getRPY(roll, pitch, yaw);
      |     [01;31m[K^~[m[K
[01m[K/mnt/planB/planning_explore/src/kalman/src/test.cpp:14:19:[m[K [01;31m[Kerror: [m[Kâ€˜[01m[Kq_cur[m[Kâ€™ was not declared in this scope
   14 |     tf::Matrix3x3([01;31m[Kq_cur[m[K).getRPY(roll, pitch, yaw);
      |                   [01;31m[K^~~~~[m[K
make[2]: *** [CMakeFiles/test_odom.dir/build.make:76: CMakeFiles/test_odom.dir/src/test.cpp.o] Error 1
make[1]: *** [CMakeFiles/Makefile2:701: CMakeFiles/test_odom.dir/all] Error 2
make: *** [Makefile:146: all] Error 2
